0 info it worked if it ends with ok
1 verbose cli [ 'C:\\Program Files\\nodejs\\node.exe',
1 verbose cli   'C:\\Program Files\\nodejs\\node_modules\\npm\\bin\\npm-cli.js',
1 verbose cli   'install',
1 verbose cli   'heapdump@0.1.0' ]
2 info using npm@4.1.2
3 info using node@v7.7.1
4 silly loadCurrentTree Starting
5 silly install loadCurrentTree
6 silly install readLocalPackageData
7 silly fetchPackageMetaData heapdump@0.1.0
8 silly fetchNamedPackageData heapdump
9 silly mapToRegistry name heapdump
10 silly mapToRegistry using default registry
11 silly mapToRegistry registry https://registry.npmjs.org/
12 silly mapToRegistry data Result {
12 silly mapToRegistry   raw: 'heapdump',
12 silly mapToRegistry   scope: null,
12 silly mapToRegistry   escapedName: 'heapdump',
12 silly mapToRegistry   name: 'heapdump',
12 silly mapToRegistry   rawSpec: '',
12 silly mapToRegistry   spec: 'latest',
12 silly mapToRegistry   type: 'tag' }
13 silly mapToRegistry uri https://registry.npmjs.org/heapdump
14 verbose request uri https://registry.npmjs.org/heapdump
15 verbose request no auth needed
16 info attempt registry request try #1 at 20:48:51
17 verbose request using bearer token for auth
18 verbose request id 1eac8bbfcbb509d8
19 verbose etag W/"58bc1b89-6857"
20 verbose lastModified Sun, 05 Mar 2017 14:07:05 GMT
21 http request GET https://registry.npmjs.org/heapdump
22 http 304 https://registry.npmjs.org/heapdump
23 verbose headers { server: 'nginx/1.10.1',
23 verbose headers   'last-modified': 'Sun, 05 Mar 2017 14:07:05 GMT',
23 verbose headers   etag: '"58bc1b89-6857"',
23 verbose headers   'cache-control': 'max-age=300',
23 verbose headers   'accept-ranges': 'bytes',
23 verbose headers   date: 'Sun, 19 Mar 2017 12:48:51 GMT',
23 verbose headers   via: '1.1 varnish',
23 verbose headers   connection: 'keep-alive',
23 verbose headers   'x-served-by': 'cache-itm7420-ITM',
23 verbose headers   'x-cache': 'MISS',
23 verbose headers   'x-cache-hits': '0',
23 verbose headers   'x-timer': 'S1489927731.668293,VS0,VE134',
23 verbose headers   vary: 'Accept-Encoding' }
24 silly get cb [ 304,
24 silly get   { server: 'nginx/1.10.1',
24 silly get     'last-modified': 'Sun, 05 Mar 2017 14:07:05 GMT',
24 silly get     etag: '"58bc1b89-6857"',
24 silly get     'cache-control': 'max-age=300',
24 silly get     'accept-ranges': 'bytes',
24 silly get     date: 'Sun, 19 Mar 2017 12:48:51 GMT',
24 silly get     via: '1.1 varnish',
24 silly get     connection: 'keep-alive',
24 silly get     'x-served-by': 'cache-itm7420-ITM',
24 silly get     'x-cache': 'MISS',
24 silly get     'x-cache-hits': '0',
24 silly get     'x-timer': 'S1489927731.668293,VS0,VE134',
24 silly get     vary: 'Accept-Encoding' } ]
25 verbose etag https://registry.npmjs.org/heapdump from cache
26 verbose get saving heapdump to C:\Users\Dell\AppData\Roaming\npm-cache\registry.npmjs.org\heapdump\.cache.json
27 verbose correctMkdir C:\Users\Dell\AppData\Roaming\npm-cache correctMkdir not in flight; initializing
28 silly pickManifestFromRegistryMetadata spec 0.1.0 tag latest versions [ '0.0.1',
28 silly pickManifestFromRegistryMetadata   '0.0.2',
28 silly pickManifestFromRegistryMetadata   '0.0.3',
28 silly pickManifestFromRegistryMetadata   '0.0.4',
28 silly pickManifestFromRegistryMetadata   '0.1.0',
28 silly pickManifestFromRegistryMetadata   '0.2.0',
28 silly pickManifestFromRegistryMetadata   '0.2.1',
28 silly pickManifestFromRegistryMetadata   '0.2.2',
28 silly pickManifestFromRegistryMetadata   '0.2.3',
28 silly pickManifestFromRegistryMetadata   '0.2.4',
28 silly pickManifestFromRegistryMetadata   '0.2.5',
28 silly pickManifestFromRegistryMetadata   '0.2.6',
28 silly pickManifestFromRegistryMetadata   '0.2.7',
28 silly pickManifestFromRegistryMetadata   '0.2.8',
28 silly pickManifestFromRegistryMetadata   '0.2.9',
28 silly pickManifestFromRegistryMetadata   '0.2.10',
28 silly pickManifestFromRegistryMetadata   '0.3.0',
28 silly pickManifestFromRegistryMetadata   '0.3.1',
28 silly pickManifestFromRegistryMetadata   '0.3.2',
28 silly pickManifestFromRegistryMetadata   '0.3.3',
28 silly pickManifestFromRegistryMetadata   '0.3.4',
28 silly pickManifestFromRegistryMetadata   '0.3.5',
28 silly pickManifestFromRegistryMetadata   '0.3.6',
28 silly pickManifestFromRegistryMetadata   '0.3.7' ]
29 silly install normalizeTree
30 silly loadCurrentTree Finishing
31 silly loadIdealTree Starting
32 silly install loadIdealTree
33 silly cloneCurrentTree Starting
34 silly install cloneCurrentTreeToIdealTree
35 silly cloneCurrentTree Finishing
36 silly loadShrinkwrap Starting
37 silly install loadShrinkwrap
38 silly loadShrinkwrap Finishing
39 silly loadAllDepsIntoIdealTree Starting
40 silly install loadAllDepsIntoIdealTree
41 silly resolveWithNewModule heapdump@0.1.0 checking installable status
42 silly cache add args [ 'heapdump@0.1.0', null ]
43 verbose cache add spec heapdump@0.1.0
44 silly cache add parsed spec Result {
44 silly cache add   raw: 'heapdump@0.1.0',
44 silly cache add   scope: null,
44 silly cache add   escapedName: 'heapdump',
44 silly cache add   name: 'heapdump',
44 silly cache add   rawSpec: '0.1.0',
44 silly cache add   spec: '0.1.0',
44 silly cache add   type: 'version' }
45 silly addNamed heapdump@0.1.0
46 verbose addNamed "0.1.0" is a plain semver version for heapdump
47 silly mapToRegistry name heapdump
48 silly mapToRegistry using default registry
49 silly mapToRegistry registry https://registry.npmjs.org/
50 silly mapToRegistry data Result {
50 silly mapToRegistry   raw: 'heapdump',
50 silly mapToRegistry   scope: null,
50 silly mapToRegistry   escapedName: 'heapdump',
50 silly mapToRegistry   name: 'heapdump',
50 silly mapToRegistry   rawSpec: '',
50 silly mapToRegistry   spec: 'latest',
50 silly mapToRegistry   type: 'tag' }
51 silly mapToRegistry uri https://registry.npmjs.org/heapdump
52 verbose addNameVersion registry:https://registry.npmjs.org/heapdump not in flight; fetching
53 verbose get https://registry.npmjs.org/heapdump not expired, no request
54 silly mapToRegistry name heapdump
55 silly mapToRegistry using default registry
56 silly mapToRegistry registry https://registry.npmjs.org/
57 silly mapToRegistry data Result {
57 silly mapToRegistry   raw: 'heapdump',
57 silly mapToRegistry   scope: null,
57 silly mapToRegistry   escapedName: 'heapdump',
57 silly mapToRegistry   name: 'heapdump',
57 silly mapToRegistry   rawSpec: '',
57 silly mapToRegistry   spec: 'latest',
57 silly mapToRegistry   type: 'tag' }
58 silly mapToRegistry uri https://registry.npmjs.org/heapdump
59 verbose addRemoteTarball https://registry.npmjs.org/heapdump/-/heapdump-0.1.0.tgz not in flight; adding
60 verbose addRemoteTarball [ 'https://registry.npmjs.org/heapdump/-/heapdump-0.1.0.tgz',
60 verbose addRemoteTarball   'bbb9c8c67b5b23eb442c6c659f8d59925322a556' ]
61 info retry fetch attempt 1 at 20:48:53
62 info attempt registry request try #1 at 20:48:53
63 http fetch GET https://registry.npmjs.org/heapdump/-/heapdump-0.1.0.tgz
64 verbose request using bearer token for auth
65 http fetch 200 https://registry.npmjs.org/heapdump/-/heapdump-0.1.0.tgz
66 silly fetchAndShaCheck shasum bbb9c8c67b5b23eb442c6c659f8d59925322a556
67 verbose addTmpTarball C:\Users\Dell\AppData\Local\Temp\npm-5988-89dc6be6\registry.npmjs.org\heapdump\-\heapdump-0.1.0.tgz not in flight; adding
68 verbose addTmpTarball already have metadata; skipping unpack for heapdump@0.1.0
69 verbose correctMkdir C:\Users\Dell\AppData\Roaming\npm-cache correctMkdir not in flight; initializing
70 silly cache afterAdd heapdump@0.1.0
71 verbose afterAdd C:\Users\Dell\AppData\Roaming\npm-cache\heapdump\0.1.0\package\package.json not in flight; writing
72 verbose correctMkdir C:\Users\Dell\AppData\Roaming\npm-cache correctMkdir not in flight; initializing
73 verbose afterAdd C:\Users\Dell\AppData\Roaming\npm-cache\heapdump\0.1.0\package\package.json written
74 silly fetchNamedPackageData fsevents
75 silly mapToRegistry name fsevents
76 silly mapToRegistry using default registry
77 silly mapToRegistry registry https://registry.npmjs.org/
78 silly mapToRegistry data Result {
78 silly mapToRegistry   raw: 'fsevents',
78 silly mapToRegistry   scope: null,
78 silly mapToRegistry   escapedName: 'fsevents',
78 silly mapToRegistry   name: 'fsevents',
78 silly mapToRegistry   rawSpec: '',
78 silly mapToRegistry   spec: 'latest',
78 silly mapToRegistry   type: 'tag' }
79 silly mapToRegistry uri https://registry.npmjs.org/fsevents
80 verbose request uri https://registry.npmjs.org/fsevents
81 verbose request no auth needed
82 info attempt registry request try #1 at 20:48:53
83 verbose request using bearer token for auth
84 verbose etag W/"58cbe1d5-d5e6"
85 verbose lastModified Fri, 17 Mar 2017 13:17:09 GMT
86 http request GET https://registry.npmjs.org/fsevents
87 http 304 https://registry.npmjs.org/fsevents
88 verbose headers { server: 'nginx/1.10.1',
88 verbose headers   'last-modified': 'Fri, 17 Mar 2017 13:17:09 GMT',
88 verbose headers   etag: '"58cbe1d5-d5e6"',
88 verbose headers   'cache-control': 'max-age=300',
88 verbose headers   'accept-ranges': 'bytes',
88 verbose headers   date: 'Sun, 19 Mar 2017 12:48:53 GMT',
88 verbose headers   via: '1.1 varnish',
88 verbose headers   connection: 'keep-alive',
88 verbose headers   'x-served-by': 'cache-itm7420-ITM',
88 verbose headers   'x-cache': 'MISS',
88 verbose headers   'x-cache-hits': '0',
88 verbose headers   'x-timer': 'S1489927733.286093,VS0,VE148',
88 verbose headers   vary: 'Accept-Encoding' }
89 silly get cb [ 304,
89 silly get   { server: 'nginx/1.10.1',
89 silly get     'last-modified': 'Fri, 17 Mar 2017 13:17:09 GMT',
89 silly get     etag: '"58cbe1d5-d5e6"',
89 silly get     'cache-control': 'max-age=300',
89 silly get     'accept-ranges': 'bytes',
89 silly get     date: 'Sun, 19 Mar 2017 12:48:53 GMT',
89 silly get     via: '1.1 varnish',
89 silly get     connection: 'keep-alive',
89 silly get     'x-served-by': 'cache-itm7420-ITM',
89 silly get     'x-cache': 'MISS',
89 silly get     'x-cache-hits': '0',
89 silly get     'x-timer': 'S1489927733.286093,VS0,VE148',
89 silly get     vary: 'Accept-Encoding' } ]
90 verbose etag https://registry.npmjs.org/fsevents from cache
91 verbose get saving fsevents to C:\Users\Dell\AppData\Roaming\npm-cache\registry.npmjs.org\fsevents\.cache.json
92 verbose correctMkdir C:\Users\Dell\AppData\Roaming\npm-cache correctMkdir not in flight; initializing
93 silly pickManifestFromRegistryMetadata spec >=1.0.0 <2.0.0 tag latest versions [ '0.1.1',
93 silly pickManifestFromRegistryMetadata   '0.1.3',
93 silly pickManifestFromRegistryMetadata   '0.1.4',
93 silly pickManifestFromRegistryMetadata   '0.1.5',
93 silly pickManifestFromRegistryMetadata   '0.1.6',
93 silly pickManifestFromRegistryMetadata   '0.2.0',
93 silly pickManifestFromRegistryMetadata   '0.3.0',
93 silly pickManifestFromRegistryMetadata   '0.3.1',
93 silly pickManifestFromRegistryMetadata   '0.3.2',
93 silly pickManifestFromRegistryMetadata   '0.3.3',
93 silly pickManifestFromRegistryMetadata   '0.3.4',
93 silly pickManifestFromRegistryMetadata   '0.3.5',
93 silly pickManifestFromRegistryMetadata   '0.3.6',
93 silly pickManifestFromRegistryMetadata   '0.3.7',
93 silly pickManifestFromRegistryMetadata   '0.3.8',
93 silly pickManifestFromRegistryMetadata   '1.0.0',
93 silly pickManifestFromRegistryMetadata   '1.0.1',
93 silly pickManifestFromRegistryMetadata   '1.0.2',
93 silly pickManifestFromRegistryMetadata   '1.0.3',
93 silly pickManifestFromRegistryMetadata   '1.0.4',
93 silly pickManifestFromRegistryMetadata   '1.0.5',
93 silly pickManifestFromRegistryMetadata   '1.0.6',
93 silly pickManifestFromRegistryMetadata   '1.0.7',
93 silly pickManifestFromRegistryMetadata   '1.0.8',
93 silly pickManifestFromRegistryMetadata   '1.0.9',
93 silly pickManifestFromRegistryMetadata   '1.0.10',
93 silly pickManifestFromRegistryMetadata   '1.0.11',
93 silly pickManifestFromRegistryMetadata   '1.0.12',
93 silly pickManifestFromRegistryMetadata   '1.0.14',
93 silly pickManifestFromRegistryMetadata   '1.0.15',
93 silly pickManifestFromRegistryMetadata   '1.0.17',
93 silly pickManifestFromRegistryMetadata   '1.0.18-0',
93 silly pickManifestFromRegistryMetadata   '1.1.0',
93 silly pickManifestFromRegistryMetadata   '1.1.1' ]
94 silly resolveWithNewModule fsevents@1.1.1 checking installable status
95 silly loadAllDepsIntoIdealTree Finishing
96 silly loadIdealTree Finishing
97 silly currentTree test@1.0.0
97 silly currentTree +-- ajv@4.11.3
97 silly currentTree +-- ansi-regex@2.1.1
97 silly currentTree +-- ansi-styles@2.2.1
97 silly currentTree +-- anymatch@1.3.0
97 silly currentTree +-- arr-diff@2.0.0
97 silly currentTree +-- arr-flatten@1.0.1
97 silly currentTree +-- array-unique@0.2.1
97 silly currentTree +-- arrify@1.0.1
97 silly currentTree +-- async-each@1.0.1
97 silly currentTree +-- async@2.1.5
97 silly currentTree +-- babel-cli@6.23.0
97 silly currentTree +-- babel-code-frame@6.22.0
97 silly currentTree +-- babel-core@6.23.1
97 silly currentTree +-- babel-generator@6.23.0
97 silly currentTree +-- babel-helper-builder-binary-assignment-operator-visitor@6.22.0
97 silly currentTree +-- babel-helper-call-delegate@6.22.0
97 silly currentTree +-- babel-helper-define-map@6.23.0
97 silly currentTree +-- babel-helper-explode-assignable-expression@6.22.0
97 silly currentTree +-- babel-helper-function-name@6.23.0
97 silly currentTree +-- babel-helper-get-function-arity@6.22.0
97 silly currentTree +-- babel-helper-hoist-variables@6.22.0
97 silly currentTree +-- babel-helper-optimise-call-expression@6.23.0
97 silly currentTree +-- babel-helper-regex@6.22.0
97 silly currentTree +-- babel-helper-remap-async-to-generator@6.22.0
97 silly currentTree +-- babel-helper-replace-supers@6.23.0
97 silly currentTree +-- babel-helpers@6.23.0
97 silly currentTree +-- babel-messages@6.23.0
97 silly currentTree +-- babel-plugin-check-es2015-constants@6.22.0
97 silly currentTree +-- babel-plugin-syntax-async-functions@6.13.0
97 silly currentTree +-- babel-plugin-syntax-decorators@6.13.0
97 silly currentTree +-- babel-plugin-syntax-exponentiation-operator@6.13.0
97 silly currentTree +-- babel-plugin-syntax-trailing-function-commas@6.22.0
97 silly currentTree +-- babel-plugin-transform-async-to-generator@6.22.0
97 silly currentTree +-- babel-plugin-transform-decorators-legacy@1.3.4
97 silly currentTree +-- babel-plugin-transform-es2015-arrow-functions@6.22.0
97 silly currentTree +-- babel-plugin-transform-es2015-block-scoped-functions@6.22.0
97 silly currentTree +-- babel-plugin-transform-es2015-block-scoping@6.23.0
97 silly currentTree +-- babel-plugin-transform-es2015-classes@6.23.0
97 silly currentTree +-- babel-plugin-transform-es2015-computed-properties@6.22.0
97 silly currentTree +-- babel-plugin-transform-es2015-destructuring@6.23.0
97 silly currentTree +-- babel-plugin-transform-es2015-duplicate-keys@6.22.0
97 silly currentTree +-- babel-plugin-transform-es2015-for-of@6.23.0
97 silly currentTree +-- babel-plugin-transform-es2015-function-name@6.22.0
97 silly currentTree +-- babel-plugin-transform-es2015-literals@6.22.0
97 silly currentTree +-- babel-plugin-transform-es2015-modules-amd@6.22.0
97 silly currentTree +-- babel-plugin-transform-es2015-modules-commonjs@6.23.0
97 silly currentTree +-- babel-plugin-transform-es2015-modules-systemjs@6.23.0
97 silly currentTree +-- babel-plugin-transform-es2015-modules-umd@6.23.0
97 silly currentTree +-- babel-plugin-transform-es2015-object-super@6.22.0
97 silly currentTree +-- babel-plugin-transform-es2015-parameters@6.23.0
97 silly currentTree +-- babel-plugin-transform-es2015-shorthand-properties@6.22.0
97 silly currentTree +-- babel-plugin-transform-es2015-spread@6.22.0
97 silly currentTree +-- babel-plugin-transform-es2015-sticky-regex@6.22.0
97 silly currentTree +-- babel-plugin-transform-es2015-template-literals@6.22.0
97 silly currentTree +-- babel-plugin-transform-es2015-typeof-symbol@6.23.0
97 silly currentTree +-- babel-plugin-transform-es2015-unicode-regex@6.22.0
97 silly currentTree +-- babel-plugin-transform-exponentiation-operator@6.22.0
97 silly currentTree +-- babel-plugin-transform-regenerator@6.22.0
97 silly currentTree +-- babel-plugin-transform-strict-mode@6.22.0
97 silly currentTree +-- babel-polyfill@6.23.0
97 silly currentTree +-- babel-preset-env@1.1.8
97 silly currentTree +-- babel-register@6.23.0
97 silly currentTree +-- babel-runtime@6.23.0
97 silly currentTree +-- babel-template@6.23.0
97 silly currentTree +-- babel-traverse@6.23.1
97 silly currentTree +-- babel-types@6.23.0
97 silly currentTree +-- babylon@6.16.1
97 silly currentTree +-- balanced-match@0.4.2
97 silly currentTree +-- big.js@3.1.3
97 silly currentTree +-- binary-extensions@1.8.0
97 silly currentTree +-- brace-expansion@1.1.6
97 silly currentTree +-- braces@1.8.5
97 silly currentTree +-- browserslist@1.7.5
97 silly currentTree +-- buffer-shims@1.0.0
97 silly currentTree +-- caniuse-db@1.0.30000626
97 silly currentTree +-- chalk@1.1.3
97 silly currentTree +-- chokidar@1.6.1
97 silly currentTree +-- co@4.6.0
97 silly currentTree +-- commander@2.9.0
97 silly currentTree +-- concat-map@0.0.1
97 silly currentTree +-- convert-source-map@1.4.0
97 silly currentTree +-- core-js@2.4.1
97 silly currentTree +-- core-util-is@1.0.2
97 silly currentTree +-- debug@2.6.1
97 silly currentTree +-- detect-indent@4.0.0
97 silly currentTree +-- electron-to-chromium@1.2.3
97 silly currentTree +-- emojis-list@2.1.0
97 silly currentTree +-- escape-string-regexp@1.0.5
97 silly currentTree +-- esutils@2.0.2
97 silly currentTree +-- expand-brackets@0.1.5
97 silly currentTree +-- expand-range@1.8.2
97 silly currentTree +-- extglob@0.3.2
97 silly currentTree +-- extract-text-webpack-plugin@2.0.0-rc.3
97 silly currentTree +-- filename-regex@2.0.0
97 silly currentTree +-- fill-range@2.2.3
97 silly currentTree +-- for-in@0.1.6
97 silly currentTree +-- for-own@0.1.4
97 silly currentTree +-- fs-readdir-recursive@1.0.0
97 silly currentTree +-- fs.realpath@1.0.0
97 silly currentTree +-- glob-base@0.3.0
97 silly currentTree +-- glob-parent@2.0.0
97 silly currentTree +-- glob@7.1.1
97 silly currentTree +-- globals@9.16.0
97 silly currentTree +-- graceful-fs@4.1.11
97 silly currentTree +-- graceful-readlink@1.0.1
97 silly currentTree +-- has-ansi@2.0.0
97 silly currentTree +-- home-or-tmp@2.0.0
97 silly currentTree +-- inflight@1.0.6
97 silly currentTree +-- inherits@2.0.3
97 silly currentTree +-- invariant@2.2.2
97 silly currentTree +-- is-binary-path@1.0.1
97 silly currentTree +-- is-buffer@1.1.4
97 silly currentTree +-- is-dotfile@1.0.2
97 silly currentTree +-- is-equal-shallow@0.1.3
97 silly currentTree +-- is-extendable@0.1.1
97 silly currentTree +-- is-extglob@1.0.0
97 silly currentTree +-- is-finite@1.0.2
97 silly currentTree +-- is-glob@2.0.1
97 silly currentTree +-- is-number@2.1.0
97 silly currentTree +-- is-posix-bracket@0.1.1
97 silly currentTree +-- is-primitive@2.0.0
97 silly currentTree +-- isarray@1.0.0
97 silly currentTree +-- isobject@2.1.0
97 silly currentTree +-- js-tokens@3.0.1
97 silly currentTree +-- jsesc@1.3.0
97 silly currentTree +-- json-stable-stringify@1.0.1
97 silly currentTree +-- json5@0.5.1
97 silly currentTree +-- jsonify@0.0.0
97 silly currentTree +-- kind-of@3.1.0
97 silly currentTree +-- loader-utils@0.2.17
97 silly currentTree +-- lodash@4.17.4
97 silly currentTree +-- loose-envify@1.3.1
97 silly currentTree +-- micromatch@2.3.11
97 silly currentTree +-- minimatch@3.0.3
97 silly currentTree +-- minimist@0.0.8
97 silly currentTree +-- mkdirp@0.5.1
97 silly currentTree +-- ms@0.7.2
97 silly currentTree +-- normalize-path@2.0.1
97 silly currentTree +-- number-is-nan@1.0.1
97 silly currentTree +-- object-assign@4.1.1
97 silly currentTree +-- object.omit@2.0.1
97 silly currentTree +-- once@1.4.0
97 silly currentTree +-- os-homedir@1.0.2
97 silly currentTree +-- os-tmpdir@1.0.2
97 silly currentTree +-- output-file-sync@1.1.2
97 silly currentTree +-- parse-glob@3.0.4
97 silly currentTree +-- path-is-absolute@1.0.1
97 silly currentTree +-- preserve@0.2.0
97 silly currentTree +-- private@0.1.7
97 silly currentTree +-- process-nextick-args@1.0.7
97 silly currentTree +-- randomatic@1.1.6
97 silly currentTree +-- readable-stream@2.2.3
97 silly currentTree +-- readdirp@2.1.0
97 silly currentTree +-- regenerate@1.3.2
97 silly currentTree +-- regenerator-runtime@0.10.3
97 silly currentTree +-- regenerator-transform@0.9.8
97 silly currentTree +-- regex-cache@0.4.3
97 silly currentTree +-- regexpu-core@2.0.0
97 silly currentTree +-- regjsgen@0.2.0
97 silly currentTree +-- regjsparser@0.1.5
97 silly currentTree | `-- jsesc@0.5.0
97 silly currentTree +-- repeat-element@1.1.2
97 silly currentTree +-- repeat-string@1.6.1
97 silly currentTree +-- repeating@2.0.1
97 silly currentTree +-- set-immediate-shim@1.0.1
97 silly currentTree +-- slash@1.0.0
97 silly currentTree +-- source-list-map@0.1.8
97 silly currentTree +-- source-map-support@0.4.11
97 silly currentTree +-- source-map@0.5.6
97 silly currentTree +-- string_decoder@0.10.31
97 silly currentTree +-- strip-ansi@3.0.1
97 silly currentTree +-- supports-color@2.0.0
97 silly currentTree +-- to-fast-properties@1.0.2
97 silly currentTree +-- trim-right@1.0.1
97 silly currentTree +-- user-home@1.1.1
97 silly currentTree +-- util-deprecate@1.0.2
97 silly currentTree +-- v8flags@2.0.11
97 silly currentTree +-- webpack-sources@0.1.4
97 silly currentTree `-- wrappy@1.0.2
98 silly idealTree test@1.0.0
98 silly idealTree +-- ajv@4.11.3
98 silly idealTree +-- ansi-regex@2.1.1
98 silly idealTree +-- ansi-styles@2.2.1
98 silly idealTree +-- anymatch@1.3.0
98 silly idealTree +-- arr-diff@2.0.0
98 silly idealTree +-- arr-flatten@1.0.1
98 silly idealTree +-- array-unique@0.2.1
98 silly idealTree +-- arrify@1.0.1
98 silly idealTree +-- async-each@1.0.1
98 silly idealTree +-- async@2.1.5
98 silly idealTree +-- babel-cli@6.23.0
98 silly idealTree +-- babel-code-frame@6.22.0
98 silly idealTree +-- babel-core@6.23.1
98 silly idealTree +-- babel-generator@6.23.0
98 silly idealTree +-- babel-helper-builder-binary-assignment-operator-visitor@6.22.0
98 silly idealTree +-- babel-helper-call-delegate@6.22.0
98 silly idealTree +-- babel-helper-define-map@6.23.0
98 silly idealTree +-- babel-helper-explode-assignable-expression@6.22.0
98 silly idealTree +-- babel-helper-function-name@6.23.0
98 silly idealTree +-- babel-helper-get-function-arity@6.22.0
98 silly idealTree +-- babel-helper-hoist-variables@6.22.0
98 silly idealTree +-- babel-helper-optimise-call-expression@6.23.0
98 silly idealTree +-- babel-helper-regex@6.22.0
98 silly idealTree +-- babel-helper-remap-async-to-generator@6.22.0
98 silly idealTree +-- babel-helper-replace-supers@6.23.0
98 silly idealTree +-- babel-helpers@6.23.0
98 silly idealTree +-- babel-messages@6.23.0
98 silly idealTree +-- babel-plugin-check-es2015-constants@6.22.0
98 silly idealTree +-- babel-plugin-syntax-async-functions@6.13.0
98 silly idealTree +-- babel-plugin-syntax-decorators@6.13.0
98 silly idealTree +-- babel-plugin-syntax-exponentiation-operator@6.13.0
98 silly idealTree +-- babel-plugin-syntax-trailing-function-commas@6.22.0
98 silly idealTree +-- babel-plugin-transform-async-to-generator@6.22.0
98 silly idealTree +-- babel-plugin-transform-decorators-legacy@1.3.4
98 silly idealTree +-- babel-plugin-transform-es2015-arrow-functions@6.22.0
98 silly idealTree +-- babel-plugin-transform-es2015-block-scoped-functions@6.22.0
98 silly idealTree +-- babel-plugin-transform-es2015-block-scoping@6.23.0
98 silly idealTree +-- babel-plugin-transform-es2015-classes@6.23.0
98 silly idealTree +-- babel-plugin-transform-es2015-computed-properties@6.22.0
98 silly idealTree +-- babel-plugin-transform-es2015-destructuring@6.23.0
98 silly idealTree +-- babel-plugin-transform-es2015-duplicate-keys@6.22.0
98 silly idealTree +-- babel-plugin-transform-es2015-for-of@6.23.0
98 silly idealTree +-- babel-plugin-transform-es2015-function-name@6.22.0
98 silly idealTree +-- babel-plugin-transform-es2015-literals@6.22.0
98 silly idealTree +-- babel-plugin-transform-es2015-modules-amd@6.22.0
98 silly idealTree +-- babel-plugin-transform-es2015-modules-commonjs@6.23.0
98 silly idealTree +-- babel-plugin-transform-es2015-modules-systemjs@6.23.0
98 silly idealTree +-- babel-plugin-transform-es2015-modules-umd@6.23.0
98 silly idealTree +-- babel-plugin-transform-es2015-object-super@6.22.0
98 silly idealTree +-- babel-plugin-transform-es2015-parameters@6.23.0
98 silly idealTree +-- babel-plugin-transform-es2015-shorthand-properties@6.22.0
98 silly idealTree +-- babel-plugin-transform-es2015-spread@6.22.0
98 silly idealTree +-- babel-plugin-transform-es2015-sticky-regex@6.22.0
98 silly idealTree +-- babel-plugin-transform-es2015-template-literals@6.22.0
98 silly idealTree +-- babel-plugin-transform-es2015-typeof-symbol@6.23.0
98 silly idealTree +-- babel-plugin-transform-es2015-unicode-regex@6.22.0
98 silly idealTree +-- babel-plugin-transform-exponentiation-operator@6.22.0
98 silly idealTree +-- babel-plugin-transform-regenerator@6.22.0
98 silly idealTree +-- babel-plugin-transform-strict-mode@6.22.0
98 silly idealTree +-- babel-polyfill@6.23.0
98 silly idealTree +-- babel-preset-env@1.1.8
98 silly idealTree +-- babel-register@6.23.0
98 silly idealTree +-- babel-runtime@6.23.0
98 silly idealTree +-- babel-template@6.23.0
98 silly idealTree +-- babel-traverse@6.23.1
98 silly idealTree +-- babel-types@6.23.0
98 silly idealTree +-- babylon@6.16.1
98 silly idealTree +-- balanced-match@0.4.2
98 silly idealTree +-- big.js@3.1.3
98 silly idealTree +-- binary-extensions@1.8.0
98 silly idealTree +-- brace-expansion@1.1.6
98 silly idealTree +-- braces@1.8.5
98 silly idealTree +-- browserslist@1.7.5
98 silly idealTree +-- buffer-shims@1.0.0
98 silly idealTree +-- caniuse-db@1.0.30000626
98 silly idealTree +-- chalk@1.1.3
98 silly idealTree +-- chokidar@1.6.1
98 silly idealTree +-- co@4.6.0
98 silly idealTree +-- commander@2.9.0
98 silly idealTree +-- concat-map@0.0.1
98 silly idealTree +-- convert-source-map@1.4.0
98 silly idealTree +-- core-js@2.4.1
98 silly idealTree +-- core-util-is@1.0.2
98 silly idealTree +-- debug@2.6.1
98 silly idealTree +-- detect-indent@4.0.0
98 silly idealTree +-- electron-to-chromium@1.2.3
98 silly idealTree +-- emojis-list@2.1.0
98 silly idealTree +-- escape-string-regexp@1.0.5
98 silly idealTree +-- esutils@2.0.2
98 silly idealTree +-- expand-brackets@0.1.5
98 silly idealTree +-- expand-range@1.8.2
98 silly idealTree +-- extglob@0.3.2
98 silly idealTree +-- extract-text-webpack-plugin@2.0.0-rc.3
98 silly idealTree +-- filename-regex@2.0.0
98 silly idealTree +-- fill-range@2.2.3
98 silly idealTree +-- for-in@0.1.6
98 silly idealTree +-- for-own@0.1.4
98 silly idealTree +-- fs-readdir-recursive@1.0.0
98 silly idealTree +-- fs.realpath@1.0.0
98 silly idealTree +-- glob-base@0.3.0
98 silly idealTree +-- glob-parent@2.0.0
98 silly idealTree +-- glob@7.1.1
98 silly idealTree +-- globals@9.16.0
98 silly idealTree +-- graceful-fs@4.1.11
98 silly idealTree +-- graceful-readlink@1.0.1
98 silly idealTree +-- has-ansi@2.0.0
98 silly idealTree +-- heapdump@0.1.0
98 silly idealTree +-- home-or-tmp@2.0.0
98 silly idealTree +-- inflight@1.0.6
98 silly idealTree +-- inherits@2.0.3
98 silly idealTree +-- invariant@2.2.2
98 silly idealTree +-- is-binary-path@1.0.1
98 silly idealTree +-- is-buffer@1.1.4
98 silly idealTree +-- is-dotfile@1.0.2
98 silly idealTree +-- is-equal-shallow@0.1.3
98 silly idealTree +-- is-extendable@0.1.1
98 silly idealTree +-- is-extglob@1.0.0
98 silly idealTree +-- is-finite@1.0.2
98 silly idealTree +-- is-glob@2.0.1
98 silly idealTree +-- is-number@2.1.0
98 silly idealTree +-- is-posix-bracket@0.1.1
98 silly idealTree +-- is-primitive@2.0.0
98 silly idealTree +-- isarray@1.0.0
98 silly idealTree +-- isobject@2.1.0
98 silly idealTree +-- js-tokens@3.0.1
98 silly idealTree +-- jsesc@1.3.0
98 silly idealTree +-- json-stable-stringify@1.0.1
98 silly idealTree +-- json5@0.5.1
98 silly idealTree +-- jsonify@0.0.0
98 silly idealTree +-- kind-of@3.1.0
98 silly idealTree +-- loader-utils@0.2.17
98 silly idealTree +-- lodash@4.17.4
98 silly idealTree +-- loose-envify@1.3.1
98 silly idealTree +-- micromatch@2.3.11
98 silly idealTree +-- minimatch@3.0.3
98 silly idealTree +-- minimist@0.0.8
98 silly idealTree +-- mkdirp@0.5.1
98 silly idealTree +-- ms@0.7.2
98 silly idealTree +-- normalize-path@2.0.1
98 silly idealTree +-- number-is-nan@1.0.1
98 silly idealTree +-- object-assign@4.1.1
98 silly idealTree +-- object.omit@2.0.1
98 silly idealTree +-- once@1.4.0
98 silly idealTree +-- os-homedir@1.0.2
98 silly idealTree +-- os-tmpdir@1.0.2
98 silly idealTree +-- output-file-sync@1.1.2
98 silly idealTree +-- parse-glob@3.0.4
98 silly idealTree +-- path-is-absolute@1.0.1
98 silly idealTree +-- preserve@0.2.0
98 silly idealTree +-- private@0.1.7
98 silly idealTree +-- process-nextick-args@1.0.7
98 silly idealTree +-- randomatic@1.1.6
98 silly idealTree +-- readable-stream@2.2.3
98 silly idealTree +-- readdirp@2.1.0
98 silly idealTree +-- regenerate@1.3.2
98 silly idealTree +-- regenerator-runtime@0.10.3
98 silly idealTree +-- regenerator-transform@0.9.8
98 silly idealTree +-- regex-cache@0.4.3
98 silly idealTree +-- regexpu-core@2.0.0
98 silly idealTree +-- regjsgen@0.2.0
98 silly idealTree +-- regjsparser@0.1.5
98 silly idealTree | `-- jsesc@0.5.0
98 silly idealTree +-- repeat-element@1.1.2
98 silly idealTree +-- repeat-string@1.6.1
98 silly idealTree +-- repeating@2.0.1
98 silly idealTree +-- set-immediate-shim@1.0.1
98 silly idealTree +-- slash@1.0.0
98 silly idealTree +-- source-list-map@0.1.8
98 silly idealTree +-- source-map-support@0.4.11
98 silly idealTree +-- source-map@0.5.6
98 silly idealTree +-- string_decoder@0.10.31
98 silly idealTree +-- strip-ansi@3.0.1
98 silly idealTree +-- supports-color@2.0.0
98 silly idealTree +-- to-fast-properties@1.0.2
98 silly idealTree +-- trim-right@1.0.1
98 silly idealTree +-- user-home@1.1.1
98 silly idealTree +-- util-deprecate@1.0.2
98 silly idealTree +-- v8flags@2.0.11
98 silly idealTree +-- webpack-sources@0.1.4
98 silly idealTree `-- wrappy@1.0.2
99 silly generateActionsToTake Starting
100 silly install generateActionsToTake
101 silly generateActionsToTake Finishing
102 silly diffTrees action count 1
103 silly diffTrees add heapdump@0.1.0
104 silly decomposeActions action count 8
105 silly decomposeActions fetch heapdump@0.1.0
106 silly decomposeActions extract heapdump@0.1.0
107 silly decomposeActions test heapdump@0.1.0
108 silly decomposeActions preinstall heapdump@0.1.0
109 silly decomposeActions build heapdump@0.1.0
110 silly decomposeActions install heapdump@0.1.0
111 silly decomposeActions postinstall heapdump@0.1.0
112 silly decomposeActions finalize heapdump@0.1.0
113 silly runTopLevelLifecycles Starting
114 silly executeActions Starting
115 silly install executeActions
116 silly doSerial global-install 0
117 silly doParallel fetch 1
118 verbose correctMkdir C:\Users\Dell\AppData\Roaming\npm-cache\_locks correctMkdir not in flight; initializing
119 verbose lock using C:\Users\Dell\AppData\Roaming\npm-cache\_locks\staging-36db631f4c12e62f.lock for E:\test\node_modules\.staging
120 silly doParallel extract 1
121 silly extract heapdump@0.1.0
122 verbose unbuild node_modules\.staging\heapdump-7e4002e4
123 silly gentlyRm E:\test\node_modules\.staging\heapdump-7e4002e4 is being purged from base E:\test
124 verbose gentlyRm don't care about contents; nuking E:\test\node_modules\.staging\heapdump-7e4002e4
125 verbose tar unpack C:\Users\Dell\AppData\Roaming\npm-cache\heapdump\0.1.0\package.tgz
126 verbose tar unpacking to E:\test\node_modules\.staging\heapdump-7e4002e4
127 silly gentlyRm E:\test\node_modules\.staging\heapdump-7e4002e4 is being purged
128 verbose gentlyRm don't care about contents; nuking E:\test\node_modules\.staging\heapdump-7e4002e4
129 silly gunzTarPerm modes [ '777', '666' ]
130 silly gunzTarPerm extractEntry package.json
131 silly gunzTarPerm modified mode [ 'package.json', 420, 438 ]
132 silly gunzTarPerm extractEntry .npmignore
133 silly gunzTarPerm modified mode [ '.npmignore', 420, 438 ]
134 silly gunzTarPerm extractEntry README.md
135 silly gunzTarPerm modified mode [ 'README.md', 420, 438 ]
136 silly gunzTarPerm extractEntry LICENSE
137 silly gunzTarPerm modified mode [ 'LICENSE', 420, 438 ]
138 silly gunzTarPerm extractEntry wscript
139 silly gunzTarPerm modified mode [ 'wscript', 420, 438 ]
140 silly gunzTarPerm extractEntry binding.gyp
141 silly gunzTarPerm modified mode [ 'binding.gyp', 420, 438 ]
142 silly gunzTarPerm extractEntry test/test.js
143 silly gunzTarPerm modified mode [ 'test/test.js', 420, 438 ]
144 silly gunzTarPerm extractEntry src/heapdump.cc
145 silly gunzTarPerm modified mode [ 'src/heapdump.cc', 420, 438 ]
146 silly gunzTarPerm extractEntry src/platform-posix.cc
147 silly gunzTarPerm modified mode [ 'src/platform-posix.cc', 420, 438 ]
148 silly gunzTarPerm extractEntry src/heapdump.h
149 silly gunzTarPerm modified mode [ 'src/heapdump.h', 420, 438 ]
150 silly gunzTarPerm extractEntry src/platform-win32.cc
151 silly gunzTarPerm modified mode [ 'src/platform-win32.cc', 420, 438 ]
152 silly gentlyRm E:\test\node_modules\.staging\heapdump-7e4002e4\node_modules is being purged
153 verbose gentlyRm don't care about contents; nuking E:\test\node_modules\.staging\heapdump-7e4002e4\node_modules
154 silly doParallel preinstall 1
155 silly preinstall heapdump@0.1.0
156 info lifecycle heapdump@0.1.0~preinstall: heapdump@0.1.0
157 silly lifecycle heapdump@0.1.0~preinstall: no script for preinstall, continuing
158 silly doReverseSerial remove 0
159 silly doSerial move 0
160 silly doSerial finalize 1
161 silly finalize E:\test\node_modules\heapdump
162 silly doSerial build 1
163 silly build heapdump@0.1.0
164 info linkStuff heapdump@0.1.0
165 silly linkStuff heapdump@0.1.0 has E:\test\node_modules as its parent node_modules
166 verbose linkBins heapdump@0.1.0
167 verbose linkMans heapdump@0.1.0
168 silly doSerial global-link 0
169 silly doParallel update-linked 0
170 silly doSerial install 1
171 silly install heapdump@0.1.0
172 info lifecycle heapdump@0.1.0~install: heapdump@0.1.0
173 verbose lifecycle heapdump@0.1.0~install: unsafe-perm in lifecycle true
174 verbose lifecycle heapdump@0.1.0~install: PATH: D:\Users\Dell\AppData\Roaming\nvm\v7.7.1\node_modules\npm\bin\node-gyp-bin;E:\test\node_modules\heapdump\node_modules\.bin;E:\test\node_modules\.bin;C:\Users\Dell\bin;D:\Program Files\Git\mingw64\bin;D:\Program Files\Git\usr\local\bin;D:\Program Files\Git\usr\bin;D:\Program Files\Git\usr\bin;D:\Program Files\Git\mingw64\bin;D:\Program Files\Git\usr\bin;C:\Users\Dell\bin;C:\ProgramData\Oracle\Java\javapath;C:\windows\system32;C:\windows;C:\windows\System32\Wbem;C:\windows\System32\WindowsPowerShell\v1.0;C:\Program Files\Java\jdk1.8.0_111\bin;C:\Program Files\Java\jdk1.8.0_111\jre\bin;C:\Python27;C:\Python27\Scripts;D:\Users\Dell\AppData\Roaming\nvm;C:\Program Files\nodejs;D:\Program Files (x86)\Yarn\bin;D:\Program Files\Git\cmd;C:\Users\Dell\AppData\Local\Programs\Python\Python35\Scripts;C:\Users\Dell\AppData\Local\Programs\Python\Python35;%goroot%bin;D:\Users\Dell\AppData\Roaming\nvm;C:\Program Files\nodejs;C:\Users\Dell\AppData\Local\Yarn\.bin;D:\Program Files (x86)\Microsoft VS Code\bin;D:\Program Files\Git\usr\bin\vendor_perl;D:\Program Files\Git\usr\bin\core_perl
175 verbose lifecycle heapdump@0.1.0~install: CWD: E:\test\node_modules\heapdump
176 silly lifecycle heapdump@0.1.0~install: Args: [ '/d /s /c', 'node-gyp rebuild' ]
177 silly lifecycle heapdump@0.1.0~install: Returned: code: 1  signal: null
178 info lifecycle heapdump@0.1.0~install: Failed to exec install script
179 verbose unlock done using C:\Users\Dell\AppData\Roaming\npm-cache\_locks\staging-36db631f4c12e62f.lock for E:\test\node_modules\.staging
180 silly rollbackFailedOptional Starting
181 silly gentlyRm E:\test\node_modules\heapdump is being purged from base E:\test
182 verbose gentlyRm don't care about contents; nuking E:\test\node_modules\heapdump
183 silly gentlyRm E:\test\node_modules\heapdump is being purged from base E:\test
184 verbose gentlyRm don't care about contents; nuking E:\test\node_modules\heapdump
185 silly gentlyRm E:\test\node_modules\heapdump is being purged from base E:\test
186 verbose gentlyRm don't care about contents; nuking E:\test\node_modules\heapdump
187 silly gentlyRm E:\test\node_modules\heapdump is being purged from base E:\test
188 verbose gentlyRm don't care about contents; nuking E:\test\node_modules\heapdump
189 silly gentlyRm E:\test\node_modules\heapdump is being purged from base E:\test
190 verbose gentlyRm don't care about contents; nuking E:\test\node_modules\heapdump
191 silly gentlyRm E:\test\node_modules\heapdump is being purged from base E:\test
192 verbose gentlyRm don't care about contents; nuking E:\test\node_modules\heapdump
193 silly gentlyRm E:\test\node_modules\heapdump is being purged from base E:\test
194 verbose gentlyRm don't care about contents; nuking E:\test\node_modules\heapdump
195 silly gentlyRm E:\test\node_modules\heapdump is being purged from base E:\test
196 verbose gentlyRm don't care about contents; nuking E:\test\node_modules\heapdump
197 silly vacuum-fs purging E:\test\node_modules\heapdump
198 silly vacuum-fs purging E:\test\node_modules\heapdump
199 silly vacuum-fs purging E:\test\node_modules\heapdump
200 silly vacuum-fs purging E:\test\node_modules\heapdump
201 silly vacuum-fs purging E:\test\node_modules\heapdump
202 silly vacuum-fs purging E:\test\node_modules\heapdump
203 silly vacuum-fs purging E:\test\node_modules\heapdump
204 silly vacuum-fs purging E:\test\node_modules\heapdump
205 silly vacuum-fs quitting because other entries in E:\test\node_modules
206 silly vacuum-fs quitting because other entries in E:\test\node_modules
207 silly vacuum-fs quitting because other entries in E:\test\node_modules
208 silly vacuum-fs quitting because other entries in E:\test\node_modules
209 silly vacuum-fs quitting because other entries in E:\test\node_modules
210 silly vacuum-fs quitting because other entries in E:\test\node_modules
211 silly vacuum-fs quitting because other entries in E:\test\node_modules
212 silly vacuum-fs quitting because other entries in E:\test\node_modules
213 silly rollbackFailedOptional Finishing
214 silly runTopLevelLifecycles Finishing
215 silly install printInstalled
216 warn optional SKIPPING OPTIONAL DEPENDENCY: fsevents@^1.0.0 (node_modules\chokidar\node_modules\fsevents):
217 warn notsup SKIPPING OPTIONAL DEPENDENCY: Unsupported platform for fsevents@1.1.1: wanted {"os":"darwin","arch":"any"} (current: {"os":"win32","arch":"x64"})
218 verbose notsup SKIPPING OPTIONAL DEPENDENCY: Valid OS:    darwin
218 verbose notsup SKIPPING OPTIONAL DEPENDENCY: Valid Arch:  any
218 verbose notsup SKIPPING OPTIONAL DEPENDENCY: Actual OS:   win32
218 verbose notsup SKIPPING OPTIONAL DEPENDENCY: Actual Arch: x64
219 warn extract-text-webpack-plugin@2.0.0-rc.3 requires a peer of webpack@^2.2.0 but none was installed.
220 verbose If you need help, you may report this error at:
220 verbose     <https://github.com/npm/npm/issues>
221 warn test@1.0.0 No description
222 verbose If you need help, you may report this error at:
222 verbose     <https://github.com/npm/npm/issues>
223 warn test@1.0.0 No repository field.
224 verbose If you need help, you may report this error at:
224 verbose     <https://github.com/npm/npm/issues>
225 verbose stack Error: heapdump@0.1.0 install: `node-gyp rebuild`
225 verbose stack Exit status 1
225 verbose stack     at EventEmitter.<anonymous> (D:\Users\Dell\AppData\Roaming\nvm\v7.7.1\node_modules\npm\lib\utils\lifecycle.js:279:16)
225 verbose stack     at emitTwo (events.js:106:13)
225 verbose stack     at EventEmitter.emit (events.js:194:7)
225 verbose stack     at ChildProcess.<anonymous> (D:\Users\Dell\AppData\Roaming\nvm\v7.7.1\node_modules\npm\lib\utils\spawn.js:40:14)
225 verbose stack     at emitTwo (events.js:106:13)
225 verbose stack     at ChildProcess.emit (events.js:194:7)
225 verbose stack     at maybeClose (internal/child_process.js:899:16)
225 verbose stack     at Process.ChildProcess._handle.onexit (internal/child_process.js:226:5)
226 verbose pkgid heapdump@0.1.0
227 verbose cwd E:\test
228 error Windows_NT 6.1.7601
229 error argv "C:\\Program Files\\nodejs\\node.exe" "C:\\Program Files\\nodejs\\node_modules\\npm\\bin\\npm-cli.js" "install" "heapdump@0.1.0"
230 error node v7.7.1
231 error npm  v4.1.2
232 error code ELIFECYCLE
233 error heapdump@0.1.0 install: `node-gyp rebuild`
233 error Exit status 1
234 error Failed at the heapdump@0.1.0 install script 'node-gyp rebuild'.
234 error Make sure you have the latest version of node.js and npm installed.
234 error If you do, this is most likely a problem with the heapdump package,
234 error not with npm itself.
234 error Tell the author that this fails on your system:
234 error     node-gyp rebuild
234 error You can get information on how to open an issue for this project with:
234 error     npm bugs heapdump
234 error Or if that isn't available, you can get their info via:
234 error     npm owner ls heapdump
234 error There is likely additional logging output above.
235 verbose exit [ 1, true ]
